#
# There is insufficient memory for the Java Runtime Environment to continue.
# Native memory allocation (mmap) failed to map 402653184 bytes for G1 virtual space
# Possible reasons:
#   The system is out of physical RAM or swap space
#   The process is running with CompressedOops enabled, and the Java Heap may be blocking the growth of the native heap
# Possible solutions:
#   Reduce memory load on the system
#   Increase physical memory or swap space
#   Check if swap backing store is full
#   Decrease Java heap size (-Xmx/-Xms)
#   Decrease number of Java threads
#   Decrease Java thread stack sizes (-Xss)
#   Set larger code cache with -XX:ReservedCodeCacheSize=
#   JVM is running with Zero Based Compressed Oops mode in which the Java heap is
#     placed in the first 32GB address space. The Java Heap base address is the
#     maximum limit for the native heap growth. Please use -XX:HeapBaseMinAddress
#     to set the Java Heap base and to place the Java Heap above 32GB virtual address.
# This output file may be truncated or incomplete.
#
#  Out of Memory Error (os_windows.cpp:3535), pid=50700, tid=18056
#
# JRE version:  (17.0.3+6) (build )
# Java VM: OpenJDK 64-Bit Server VM (17.0.3+6-LTS, mixed mode, sharing, tiered, compressed oops, compressed class ptrs, g1 gc, windows-amd64)
# No core dump will be written. Minidumps are not enabled by default on client versions of Windows
#

---------------  S U M M A R Y ------------

Command Line: org.jetbrains.kotlin.cli.jvm.K2JVMCompiler @E:\ProyectosAndroid\GamerCalculator\app\build\20241205_6665679730651279212.compiler.options

Host: 11th Gen Intel(R) Core(TM) i7-11700F @ 2.50GHz, 16 cores, 23G,  Windows 10 , 64 bit Build 19041 (10.0.19041.5072)
Time: Thu Dec  5 13:15:45 2024 Hora estándar de Argentina elapsed time: 0.039416 seconds (0d 0h 0m 0s)

---------------  T H R E A D  ---------------

Current thread (0x0000021ba8d005a0):  JavaThread "Unknown thread" [_thread_in_vm, id=18056, stack(0x00000047bdc00000,0x00000047bdd00000)]

Stack: [0x00000047bdc00000,0x00000047bdd00000]
Native frames: (J=compiled Java code, j=interpreted, Vv=VM code, C=native code)
V  [jvm.dll+0x645e5a]
V  [jvm.dll+0x7f6fc4]
V  [jvm.dll+0x7f877e]
V  [jvm.dll+0x7f8dd3]
V  [jvm.dll+0x234bb8]
V  [jvm.dll+0x642d9a]
V  [jvm.dll+0x637762]
V  [jvm.dll+0x2f2d09]
V  [jvm.dll+0x2f9ee6]
V  [jvm.dll+0x3459ea]
V  [jvm.dll+0x345c2f]
V  [jvm.dll+0x2c91a8]
V  [jvm.dll+0x2ca139]
V  [jvm.dll+0x7ca6e1]
V  [jvm.dll+0x352e01]
V  [jvm.dll+0x7aab0e]
V  [jvm.dll+0x3ce743]
V  [jvm.dll+0x3d0181]
C  [jli.dll+0x51af]
C  [ucrtbase.dll+0x21bb2]
C  [KERNEL32.DLL+0x17374]
C  [ntdll.dll+0x4cc91]


---------------  P R O C E S S  ---------------

Threads class SMR info:
_java_thread_list=0x00007fff7639d718, length=0, elements={
}

Java Threads: ( => current thread )

Other Threads:
  0x0000021ba8d89f50 GCTaskThread "GC Thread#0" [stack: 0x00000047bdd00000,0x00000047bde00000] [id=17732]
  0x0000021ba8d96d50 ConcurrentGCThread "G1 Main Marker" [stack: 0x00000047bde00000,0x00000047bdf00000] [id=26644]
  0x0000021ba8d97760 ConcurrentGCThread "G1 Conc#0" [stack: 0x00000047bdf00000,0x00000047be000000] [id=43060]

[error occurred during error reporting (printing all threads), id 0xc0000005, EXCEPTION_ACCESS_VIOLATION (0xc0000005) at pc=0x00007fff75b8a397]

VM state: not at safepoint (not fully initialized)

VM Mutex/Monitor currently owned by a thread:  ([mutex/lock_event])
[0x0000021ba8cfba00] Heap_lock - owner thread: 0x0000021ba8d005a0

Heap address: 0x0000000682800000, size: 6104 MB, Compressed Oops mode: Zero based, Oop shift amount: 3

CDS archive(s) mapped at: [0x0000000000000000-0x0000000000000000-0x0000000000000000), size 0, SharedBaseAddress: 0x0000000800000000, ArchiveRelocationMode: 0.
Narrow klass base: 0x0000000000000000, Narrow klass shift: 0, Narrow klass range: 0x0

GC Precious Log:
<Empty>

Heap:
 garbage-first heap   total 0K, used 0K [0x0000000682800000, 0x0000000800000000)
  region size 4096K, 0 young (0K), 0 survivors (0K)

[error occurred during error reporting (printing heap information), id 0xc0000005, EXCEPTION_ACCESS_VIOLATION (0xc0000005) at pc=0x00007fff75f4d929]

GC Heap History (0 events):
No events

Deoptimization events (0 events):
No events

Classes unloaded (0 events):
No events

Classes redefined (0 events):
No events

Internal exceptions (0 events):
No events

VM Operations (0 events):
No events

Events (1 events):
Event: 0.003 Loaded shared library C:\Users\Chino\.jdks\corretto-17.0.3\bin\java.dll


Dynamic libraries:
0x00007ff709ef0000 - 0x00007ff709efd000 	C:\Users\Chino\.jdks\corretto-17.0.3\bin\java.exe
0x00007ff8362b0000 - 0x00007ff8364a8000 	C:\WINDOWS\SYSTEM32\ntdll.dll
0x00007ff835e30000 - 0x00007ff835ef2000 	C:\WINDOWS\System32\KERNEL32.DLL
0x00007ff833fd0000 - 0x00007ff8342ce000 	C:\WINDOWS\System32\KERNELBASE.dll
0x00007ff833e80000 - 0x00007ff833f80000 	C:\WINDOWS\System32\ucrtbase.dll
0x00007ff82f3d0000 - 0x00007ff82f3e8000 	C:\Users\Chino\.jdks\corretto-17.0.3\bin\jli.dll
0x00007ff80c8f0000 - 0x00007ff80c905000 	C:\Users\Chino\.jdks\corretto-17.0.3\bin\VCRUNTIME140.dll
0x00007ff836040000 - 0x00007ff8361dd000 	C:\WINDOWS\System32\USER32.dll
0x00007ff833e50000 - 0x00007ff833e72000 	C:\WINDOWS\System32\win32u.dll
0x00007ff81f8a0000 - 0x00007ff81fb3a000 	C:\WINDOWS\WinSxS\amd64_microsoft.windows.common-controls_6595b64144ccf1df_6.0.19041.4355_none_60b8b9eb71f62e16\COMCTL32.dll
0x00007ff834500000 - 0x00007ff83452b000 	C:\WINDOWS\System32\GDI32.dll
0x00007ff835260000 - 0x00007ff8352fe000 	C:\WINDOWS\System32\msvcrt.dll
0x00007ff833950000 - 0x00007ff833a67000 	C:\WINDOWS\System32\gdi32full.dll
0x00007ff833db0000 - 0x00007ff833e4d000 	C:\WINDOWS\System32\msvcp_win.dll
0x00007ff835f00000 - 0x00007ff835f2f000 	C:\WINDOWS\System32\IMM32.DLL
0x00007fffc80d0000 - 0x00007fffc816b000 	C:\Users\Chino\.jdks\corretto-17.0.3\bin\msvcp140.dll
0x00007fff758b0000 - 0x00007fff764cb000 	C:\Users\Chino\.jdks\corretto-17.0.3\bin\server\jvm.dll
0x00007ff835190000 - 0x00007ff835241000 	C:\WINDOWS\System32\ADVAPI32.dll
0x00007ff834330000 - 0x00007ff8343cf000 	C:\WINDOWS\System32\sechost.dll
0x00007ff835530000 - 0x00007ff835653000 	C:\WINDOWS\System32\RPCRT4.dll
0x00007ff833a70000 - 0x00007ff833a97000 	C:\WINDOWS\System32\bcrypt.dll
0x00007ff834820000 - 0x00007ff834828000 	C:\WINDOWS\System32\PSAPI.DLL
0x00007ff811160000 - 0x00007ff811169000 	C:\WINDOWS\SYSTEM32\WSOCK32.dll
0x00007ff8289e0000 - 0x00007ff828a07000 	C:\WINDOWS\SYSTEM32\WINMM.dll
0x00007ff82bf20000 - 0x00007ff82bf2a000 	C:\WINDOWS\SYSTEM32\VERSION.dll
0x00007ff835380000 - 0x00007ff8353eb000 	C:\WINDOWS\System32\WS2_32.dll
0x00007ff8317b0000 - 0x00007ff8317c2000 	C:\WINDOWS\SYSTEM32\kernel.appcore.dll
0x00007ff813110000 - 0x00007ff81311a000 	C:\Users\Chino\.jdks\corretto-17.0.3\bin\jimage.dll
0x00007ff827fa0000 - 0x00007ff828184000 	C:\WINDOWS\SYSTEM32\DBGHELP.DLL
0x00007ff826090000 - 0x00007ff8260c4000 	C:\WINDOWS\SYSTEM32\dbgcore.DLL
0x00007ff833d20000 - 0x00007ff833da2000 	C:\WINDOWS\System32\bcryptPrimitives.dll
0x00007ff80c0b0000 - 0x00007ff80c0d5000 	C:\Users\Chino\.jdks\corretto-17.0.3\bin\java.dll

dbghelp: loaded successfully - version: 4.0.5 - missing functions: none
symbol engine: initialized successfully - sym options: 0x614 - pdb path: .;C:\Users\Chino\.jdks\corretto-17.0.3\bin;C:\WINDOWS\SYSTEM32;C:\WINDOWS\WinSxS\amd64_microsoft.windows.common-controls_6595b64144ccf1df_6.0.19041.4355_none_60b8b9eb71f62e16;C:\Users\Chino\.jdks\corretto-17.0.3\bin\server

VM Arguments:
java_command: org.jetbrains.kotlin.cli.jvm.K2JVMCompiler @E:\ProyectosAndroid\GamerCalculator\app\build\20241205_6665679730651279212.compiler.options
java_class_path (initial): C:\Users\Chino\.gradle\caches\modules-2\files-2.1\org.jetbrains.kotlin\kotlin-compiler-embeddable\1.9.0\2c8c3a7402becca891f12739b3e9fd2dc2adbd7a\kotlin-compiler-embeddable-1.9.0.jar;C:\Users\Chino\.gradle\caches\modules-2\files-2.1\org.jetbrains.kotlin\kotlin-stdlib\1.9.0\8ee15ef0c67dc83d874f412d84378d7f0eb50b63\kotlin-stdlib-1.9.0.jar;C:\Users\Chino\.gradle\caches\modules-2\files-2.1\org.jetbrains.kotlin\kotlin-script-runtime\1.9.0\4b3102cbbb7e1b58d9d1adf89563f00069ffa7d1\kotlin-script-runtime-1.9.0.jar;C:\Users\Chino\.gradle\caches\modules-2\files-2.1\org.jetbrains.kotlin\kotlin-reflect\1.6.10\1cbe9c92c12a94eea200d23c2bbaedaf3daf5132\kotlin-reflect-1.6.10.jar;C:\Users\Chino\.gradle\caches\modules-2\files-2.1\org.jetbrains.kotlin\kotlin-daemon-embeddable\1.9.0\186543f5e28cf8d9a0290fecc2cf34301c40a65c\kotlin-daemon-embeddable-1.9.0.jar;C:\Users\Chino\.gradle\caches\modules-2\files-2.1\org.jetbrains.intellij.deps\trove4j\1.0.20200330\3afb14d5f9ceb459d724e907a21145e8ff394f02\trove4j-1.0.20200330.jar;C:\Users\Chino\.gradle\caches\modules-2\files-2.1\org.jetbrains.kotlin\kotlin-stdlib-common\1.9.0\cd65c21cfd1eec4d44ef09f9f52b6d9f8a720636\kotlin-stdlib-common-1.9.0.jar;C:\Users\Chino\.gradle\caches\modules-2\files-2.1\org.jetbrains\annotations\13.0\919f0dfe192fb4e063e7dacadee7f8bb9a2672a9\annotations-13.0.jar
Launcher Type: SUN_STANDARD

[Global flags]
     intx CICompilerCount                          = 12                                        {product} {ergonomic}
     uint ConcGCThreads                            = 3                                         {product} {ergonomic}
     uint G1ConcRefinementThreads                  = 13                                        {product} {ergonomic}
   size_t G1HeapRegionSize                         = 4194304                                   {product} {ergonomic}
    uintx GCDrainStackTargetSize                   = 64                                        {product} {ergonomic}
   size_t InitialHeapSize                          = 402653184                                 {product} {ergonomic}
   size_t MarkStackSize                            = 4194304                                   {product} {ergonomic}
   size_t MaxHeapSize                              = 6400507904                                {product} {ergonomic}
   size_t MinHeapDeltaBytes                        = 4194304                                   {product} {ergonomic}
   size_t MinHeapSize                              = 8388608                                   {product} {ergonomic}
    uintx NonNMethodCodeHeapSize                   = 7602480                                {pd product} {ergonomic}
    uintx NonProfiledCodeHeapSize                  = 122027880                              {pd product} {ergonomic}
    uintx ProfiledCodeHeapSize                     = 122027880                              {pd product} {ergonomic}
    uintx ReservedCodeCacheSize                    = 251658240                              {pd product} {ergonomic}
     bool SegmentedCodeCache                       = true                                      {product} {ergonomic}
   size_t SoftMaxHeapSize                          = 6400507904                             {manageable} {ergonomic}
     bool UseCompressedClassPointers               = true                           {product lp64_product} {ergonomic}
     bool UseCompressedOops                        = true                           {product lp64_product} {ergonomic}
     bool UseG1GC                                  = true                                      {product} {ergonomic}
     bool UseLargePagesIndividualAllocation        = false                                  {pd product} {ergonomic}

Logging:
Log output configuration:
 #0: stdout all=warning uptime,level,tags
 #1: stderr all=off uptime,level,tags

Environment Variables:
PATH=E:\Oculus\Support\oculus-runtime;C:\Program Files (x86)\Common Files\Oracle\Java\javapath;C:\WINDOWS\system32;C:\WINDOWS;C:\WINDOWS\System32\Wbem;C:\WINDOWS\System32\WindowsPowerShell\v1.0\;C:\WINDOWS\System32\OpenSSH\;C:\Program Files\Git\cmd;C:\Program Files (x86)\NVIDIA Corporation\PhysX\Common;C:\Program Files\dotnet\;E:\xampp\php;C:\ProgramData\ComposerSetup\bin;C:\Program Files\NVIDIA Corporation\NVIDIA app\NvDLISR;C:\Users\Chino\AppData\Local\Android\Sdk\platform-tools;C:\Users\Chino\AppData\Local\Microsoft\WindowsApps;C:\Users\Chino\AppData\Local\GitHubDesktop\bin;C:\Users\Chino\AppData\Local\Microsoft\WindowsApps;C:\Users\Chino\AppData\Local\Programs\Microsoft VS Code\bin;E:\IntelliJ IDEA Community Edition 2021.3.3\bin;;C:\Users\Chino\AppData\Roaming\Composer\vendor\bin;E:\Flutter\flutter\bin;C:\Users\Chino\AppData\Local\Android\Sdk\platform-tools;
USERNAME=Eze_SFEA
OS=Windows_NT
PROCESSOR_IDENTIFIER=Intel64 Family 6 Model 167 Stepping 1, GenuineIntel



---------------  S Y S T E M  ---------------

OS:
 Windows 10 , 64 bit Build 19041 (10.0.19041.5072)
OS uptime: 3 days 4:17 hours
Hyper-V role detected

CPU: total 16 (initial active 16) (8 cores per cpu, 2 threads per core) family 6 model 167 stepping 1 microcode 0x3c, cx8, cmov, fxsr, ht, mmx, 3dnowpref, sse, sse2, sse3, ssse3, sse4.1, sse4.2, popcnt, lzcnt, tsc, tscinvbit, avx, avx2, aes, erms, clmul, bmi1, bmi2, adx, avx512f, avx512dq, avx512cd, avx512bw, avx512vl, sha, fma, vzeroupper, avx512_vpopcntdq, avx512_vpclmulqdq, avx512_vaes, avx512_vnni, clflush, clflushopt, avx512_vbmi2, avx512_vbmi, hv

Memory: 4k page, system-wide physical 24413M (1384M free)
TotalPageFile size 40797M (AvailPageFile size 258M)
current process WorkingSet (physical memory assigned to process): 10M, peak: 10M
current process commit charge ("private bytes"): 70M, peak: 454M

vm_info: OpenJDK 64-Bit Server VM (17.0.3+6-LTS) for windows-amd64 JRE (17.0.3+6-LTS), built on Apr 15 2022 22:16:02 by "Administrator" with MS VC++ 15.9 (VS2017)

END.
